
> merfox@0.1.51 dev:server
> next dev -p 13337

   ▲ Next.js 14.0.4
   - Local:        http://localhost:13337

 ✓ Ready in 1255ms
 ○ Compiling /_error ...
 ⨯ ./src/index.css:1:1
Syntax error: /Users/yuga/VSCode/V4/merfox/src/index.css The `border-border` class does not exist. If `border-border` is a custom class, make sure it is defined within a `@layer` directive.

> 1 | @tailwind base;
    | ^
  2 | @tailwind components;
  3 | @tailwind utilities;
TypeError: localStorage.getItem is not a function
    at eval (webpack-internal:///./src/hooks/useSettings.tsx:17:37)
    at useReducer (/Users/yuga/VSCode/V4/merfox/node_modules/react-dom/cjs/react-dom-server.browser.development.js:5079:57)
    at Object.useState (/Users/yuga/VSCode/V4/merfox/node_modules/react-dom/cjs/react-dom-server.browser.development.js:5017:10)
    at useState (/Users/yuga/VSCode/V4/merfox/node_modules/react/cjs/react.development.js:1622:21)
    at SettingsProvider (webpack-internal:///./src/hooks/useSettings.tsx:16:84)
    at renderWithHooks (/Users/yuga/VSCode/V4/merfox/node_modules/react-dom/cjs/react-dom-server.browser.development.js:5658:16)
    at renderIndeterminateComponent (/Users/yuga/VSCode/V4/merfox/node_modules/react-dom/cjs/react-dom-server.browser.development.js:5731:15)
    at renderElement (/Users/yuga/VSCode/V4/merfox/node_modules/react-dom/cjs/react-dom-server.browser.development.js:5946:7)
    at renderNodeDestructiveImpl (/Users/yuga/VSCode/V4/merfox/node_modules/react-dom/cjs/react-dom-server.browser.development.js:6104:11)
    at renderNodeDestructive (/Users/yuga/VSCode/V4/merfox/node_modules/react-dom/cjs/react-dom-server.browser.development.js:6076:14)
    at renderIndeterminateComponent (/Users/yuga/VSCode/V4/merfox/node_modules/react-dom/cjs/react-dom-server.browser.development.js:5785:7)
    ... collapsed 4 duplicate lines matching above lines ...
 ⨯ TypeError: localStorage.getItem is not a function
    at eval (webpack-internal:///./src/hooks/useSettings.tsx:17:37)
    at useReducer (/Users/yuga/VSCode/V4/merfox/node_modules/react-dom/cjs/react-dom-server.browser.development.js:5079:57)
    at Object.useState (/Users/yuga/VSCode/V4/merfox/node_modules/react-dom/cjs/react-dom-server.browser.development.js:5017:10)
    at useState (/Users/yuga/VSCode/V4/merfox/node_modules/react/cjs/react.development.js:1622:21)
    at SettingsProvider (webpack-internal:///./src/hooks/useSettings.tsx:16:84)
    at renderWithHooks (/Users/yuga/VSCode/V4/merfox/node_modules/react-dom/cjs/react-dom-server.browser.development.js:5658:16)
    at renderIndeterminateComponent (/Users/yuga/VSCode/V4/merfox/node_modules/react-dom/cjs/react-dom-server.browser.development.js:5731:15)
    at renderElement (/Users/yuga/VSCode/V4/merfox/node_modules/react-dom/cjs/react-dom-server.browser.development.js:5946:7)
    at renderNodeDestructiveImpl (/Users/yuga/VSCode/V4/merfox/node_modules/react-dom/cjs/react-dom-server.browser.development.js:6104:11)
    at renderNodeDestructive (/Users/yuga/VSCode/V4/merfox/node_modules/react-dom/cjs/react-dom-server.browser.development.js:6076:14)
    at renderIndeterminateComponent (/Users/yuga/VSCode/V4/merfox/node_modules/react-dom/cjs/react-dom-server.browser.development.js:5785:7)
    ... collapsed 4 duplicate lines matching above lines ...
(node:84293) Warning: `--localstorage-file` was provided without a valid path
(Use `node --trace-warnings ...` to show where the warning was created)
<w> [webpack.cache.PackFileCacheStrategy] Skipped not serializable cache item 'Compilation/modules|/Users/yuga/VSCode/V4/merfox/node_modules/next/dist/build/webpack/loaders/css-loader/src/index.js??ruleSet[1].rules[6].oneOf[13].use[1]!/Users/yuga/VSCode/V4/merfox/node_modules/next/dist/build/webpack/loaders/postcss-loader/src/index.js??ruleSet[1].rules[6].oneOf[13].use[2]!/Users/yuga/VSCode/V4/merfox/src/index.css': No serializer registered for PostCSSSyntaxError
<w> while serializing webpack/lib/cache/PackFileCacheStrategy.PackContentItems -> webpack/lib/NormalModule -> webpack/lib/ModuleBuildError -> PostCSSSyntaxError
 ⚠ Fast Refresh had to perform a full reload due to a runtime error.
 ⚠ Fast Refresh had to perform a full reload due to a runtime error.
 ⚠ Fast Refresh had to perform a full reload due to a runtime error.
<w> [webpack.cache.PackFileCacheStrategy] Caching failed for pack: Error: ENOENT: no such file or directory, rename '/Users/yuga/VSCode/V4/merfox/.next/cache/webpack/client-development-fallback/0.pack.gz_' -> '/Users/yuga/VSCode/V4/merfox/.next/cache/webpack/client-development-fallback/0.pack.gz'
<w> [webpack.cache.PackFileCacheStrategy] Caching failed for pack: Error: ENOENT: no such file or directory, rename '/Users/yuga/VSCode/V4/merfox/.next/cache/webpack/client-development-fallback/0.pack.gz_' -> '/Users/yuga/VSCode/V4/merfox/.next/cache/webpack/client-development-fallback/0.pack.gz'
<w> [webpack.cache.PackFileCacheStrategy] Caching failed for pack: Error: ENOENT: no such file or directory, rename '/Users/yuga/VSCode/V4/merfox/.next/cache/webpack/client-development-fallback/0.pack.gz_' -> '/Users/yuga/VSCode/V4/merfox/.next/cache/webpack/client-development-fallback/0.pack.gz'
<w> [webpack.cache.PackFileCacheStrategy] Caching failed for pack: Error: ENOENT: no such file or directory, rename '/Users/yuga/VSCode/V4/merfox/.next/cache/webpack/client-development-fallback/0.pack.gz_' -> '/Users/yuga/VSCode/V4/merfox/.next/cache/webpack/client-development-fallback/0.pack.gz'
<w> [webpack.cache.PackFileCacheStrategy] Caching failed for pack: Error: ENOENT: no such file or directory, rename '/Users/yuga/VSCode/V4/merfox/.next/cache/webpack/client-development-fallback/0.pack.gz_' -> '/Users/yuga/VSCode/V4/merfox/.next/cache/webpack/client-development-fallback/0.pack.gz'
 ✓ Compiled /api/runs in 443ms (150 modules)
[?25h
