
> merfox@0.1.51 dev:server
> next dev -p 13337

   тЦ▓ Next.js 14.0.4
   - Local:        http://localhost:13337

 тЬУ Ready in 1417ms
 тЧЛ Compiling /_error ...
 тЬУ Compiled /wizard/step1 in 947ms (290 modules)
Error: useSettings must be used within a SettingsProvider
    at useSettings (webpack-internal:///./src/hooks/useSettings.tsx:78:15)
    at Step1_Url (webpack-internal:///./src/pages/wizard/step1.tsx:29:105)
    at renderWithHooks (/Users/yuga/VSCode/V4/merfox/node_modules/react-dom/cjs/react-dom-server.browser.development.js:5658:16)
    at renderIndeterminateComponent (/Users/yuga/VSCode/V4/merfox/node_modules/react-dom/cjs/react-dom-server.browser.development.js:5731:15)
    at renderElement (/Users/yuga/VSCode/V4/merfox/node_modules/react-dom/cjs/react-dom-server.browser.development.js:5946:7)
    at renderNodeDestructiveImpl (/Users/yuga/VSCode/V4/merfox/node_modules/react-dom/cjs/react-dom-server.browser.development.js:6104:11)
    at renderNodeDestructive (/Users/yuga/VSCode/V4/merfox/node_modules/react-dom/cjs/react-dom-server.browser.development.js:6076:14)
    at finishClassComponent (/Users/yuga/VSCode/V4/merfox/node_modules/react-dom/cjs/react-dom-server.browser.development.js:5688:3)
    at renderClassComponent (/Users/yuga/VSCode/V4/merfox/node_modules/react-dom/cjs/react-dom-server.browser.development.js:5696:3)
    at renderElement (/Users/yuga/VSCode/V4/merfox/node_modules/react-dom/cjs/react-dom-server.browser.development.js:5943:7)
    at renderNodeDestructiveImpl (/Users/yuga/VSCode/V4/merfox/node_modules/react-dom/cjs/react-dom-server.browser.development.js:6104:11)
    at renderNodeDestructive (/Users/yuga/VSCode/V4/merfox/node_modules/react-dom/cjs/react-dom-server.browser.development.js:6076:14)
    at renderIndeterminateComponent (/Users/yuga/VSCode/V4/merfox/node_modules/react-dom/cjs/react-dom-server.browser.development.js:5785:7)
    at renderElement (/Users/yuga/VSCode/V4/merfox/node_modules/react-dom/cjs/react-dom-server.browser.development.js:5946:7)
    at renderNodeDestructiveImpl (/Users/yuga/VSCode/V4/merfox/node_modules/react-dom/cjs/react-dom-server.browser.development.js:6104:11)
Error: useSettings must be used within a SettingsProvider
    at useSettings (webpack-internal:///./src/hooks/useSettings.tsx:78:15)
    at Step1_Url (webpack-internal:///./src/pages/wizard/step1.tsx:29:105)
    at renderWithHooks (/Users/yuga/VSCode/V4/merfox/node_modules/react-dom/cjs/react-dom-server.browser.development.js:5658:16)
    at renderIndeterminateComponent (/Users/yuga/VSCode/V4/merfox/node_modules/react-dom/cjs/react-dom-server.browser.development.js:5731:15)
    at renderElement (/Users/yuga/VSCode/V4/merfox/node_modules/react-dom/cjs/react-dom-server.browser.development.js:5946:7)
    at renderNodeDestructiveImpl (/Users/yuga/VSCode/V4/merfox/node_modules/react-dom/cjs/react-dom-server.browser.development.js:6104:11)
    at renderNodeDestructive (/Users/yuga/VSCode/V4/merfox/node_modules/react-dom/cjs/react-dom-server.browser.development.js:6076:14)
    at finishClassComponent (/Users/yuga/VSCode/V4/merfox/node_modules/react-dom/cjs/react-dom-server.browser.development.js:5688:3)
    at renderClassComponent (/Users/yuga/VSCode/V4/merfox/node_modules/react-dom/cjs/react-dom-server.browser.development.js:5696:3)
    at renderElement (/Users/yuga/VSCode/V4/merfox/node_modules/react-dom/cjs/react-dom-server.browser.development.js:5943:7)
    at renderNodeDestructiveImpl (/Users/yuga/VSCode/V4/merfox/node_modules/react-dom/cjs/react-dom-server.browser.development.js:6104:11)
    at renderNodeDestructive (/Users/yuga/VSCode/V4/merfox/node_modules/react-dom/cjs/react-dom-server.browser.development.js:6076:14)
    at renderIndeterminateComponent (/Users/yuga/VSCode/V4/merfox/node_modules/react-dom/cjs/react-dom-server.browser.development.js:5785:7)
    at renderElement (/Users/yuga/VSCode/V4/merfox/node_modules/react-dom/cjs/react-dom-server.browser.development.js:5946:7)
    at renderNodeDestructiveImpl (/Users/yuga/VSCode/V4/merfox/node_modules/react-dom/cjs/react-dom-server.browser.development.js:6104:11)
 тЪа Fast Refresh had to perform a full reload due to a runtime error.
 тЪа Fast Refresh had to perform a full reload due to a runtime error.
 тип src/hooks/useSettings.tsx (66:14) @ useSettings
 тип Error: useSettings must be used within a SettingsProvider
    at useSettings (webpack-internal:///./src/hooks/useSettings.tsx:78:15)
    at Step1_Url (webpack-internal:///./src/pages/wizard/step1.tsx:29:105)
    at renderWithHooks (/Users/yuga/VSCode/V4/merfox/node_modules/react-dom/cjs/react-dom-server.browser.development.js:5658:16)
    at renderIndeterminateComponent (/Users/yuga/VSCode/V4/merfox/node_modules/react-dom/cjs/react-dom-server.browser.development.js:5731:15)
    at renderElement (/Users/yuga/VSCode/V4/merfox/node_modules/react-dom/cjs/react-dom-server.browser.development.js:5946:7)
    at renderNodeDestructiveImpl (/Users/yuga/VSCode/V4/merfox/node_modules/react-dom/cjs/react-dom-server.browser.development.js:6104:11)
    at renderNodeDestructive (/Users/yuga/VSCode/V4/merfox/node_modules/react-dom/cjs/react-dom-server.browser.development.js:6076:14)
    at finishClassComponent (/Users/yuga/VSCode/V4/merfox/node_modules/react-dom/cjs/react-dom-server.browser.development.js:5688:3)
    at renderClassComponent (/Users/yuga/VSCode/V4/merfox/node_modules/react-dom/cjs/react-dom-server.browser.development.js:5696:3)
    at renderElement (/Users/yuga/VSCode/V4/merfox/node_modules/react-dom/cjs/react-dom-server.browser.development.js:5943:7)
    at renderNodeDestructiveImpl (/Users/yuga/VSCode/V4/merfox/node_modules/react-dom/cjs/react-dom-server.browser.development.js:6104:11)
    at renderNodeDestructive (/Users/yuga/VSCode/V4/merfox/node_modules/react-dom/cjs/react-dom-server.browser.development.js:6076:14)
    at renderIndeterminateComponent (/Users/yuga/VSCode/V4/merfox/node_modules/react-dom/cjs/react-dom-server.browser.development.js:5785:7)
    at renderElement (/Users/yuga/VSCode/V4/merfox/node_modules/react-dom/cjs/react-dom-server.browser.development.js:5946:7)
    at renderNodeDestructiveImpl (/Users/yuga/VSCode/V4/merfox/node_modules/react-dom/cjs/react-dom-server.browser.development.js:6104:11) {
  page: '/wizard/step1'
}
[0m [90m 64 |[39m     [36mconst[39m context [33m=[39m useContext([33mSettingsContext[39m)[33m;[39m[0m
[0m [90m 65 |[39m     [36mif[39m (context [33m===[39m undefined) {[0m
[0m[31m[1m>[22m[39m[90m 66 |[39m         [36mthrow[39m [36mnew[39m [33mError[39m([32m'useSettings must be used within a SettingsProvider'[39m)[33m;[39m[0m
[0m [90m    |[39m              [31m[1m^[22m[39m[0m
[0m [90m 67 |[39m     }[0m
[0m [90m 68 |[39m     [36mreturn[39m context[33m;[39m[0m
[0m [90m 69 |[39m }[33m;[39m[0m
 тип src/hooks/useSettings.tsx (66:14) @ useSettings
 тип Error: useSettings must be used within a SettingsProvider
    at useSettings (webpack-internal:///./src/hooks/useSettings.tsx:78:15)
    at Step1_Url (webpack-internal:///./src/pages/wizard/step1.tsx:29:105)
    at renderWithHooks (/Users/yuga/VSCode/V4/merfox/node_modules/react-dom/cjs/react-dom-server.browser.development.js:5658:16)
    at renderIndeterminateComponent (/Users/yuga/VSCode/V4/merfox/node_modules/react-dom/cjs/react-dom-server.browser.development.js:5731:15)
    at renderElement (/Users/yuga/VSCode/V4/merfox/node_modules/react-dom/cjs/react-dom-server.browser.development.js:5946:7)
    at renderNodeDestructiveImpl (/Users/yuga/VSCode/V4/merfox/node_modules/react-dom/cjs/react-dom-server.browser.development.js:6104:11)
    at renderNodeDestructive (/Users/yuga/VSCode/V4/merfox/node_modules/react-dom/cjs/react-dom-server.browser.development.js:6076:14)
    at finishClassComponent (/Users/yuga/VSCode/V4/merfox/node_modules/react-dom/cjs/react-dom-server.browser.development.js:5688:3)
    at renderClassComponent (/Users/yuga/VSCode/V4/merfox/node_modules/react-dom/cjs/react-dom-server.browser.development.js:5696:3)
    at renderElement (/Users/yuga/VSCode/V4/merfox/node_modules/react-dom/cjs/react-dom-server.browser.development.js:5943:7)
    at renderNodeDestructiveImpl (/Users/yuga/VSCode/V4/merfox/node_modules/react-dom/cjs/react-dom-server.browser.development.js:6104:11)
    at renderNodeDestructive (/Users/yuga/VSCode/V4/merfox/node_modules/react-dom/cjs/react-dom-server.browser.development.js:6076:14)
    at renderIndeterminateComponent (/Users/yuga/VSCode/V4/merfox/node_modules/react-dom/cjs/react-dom-server.browser.development.js:5785:7)
    at renderElement (/Users/yuga/VSCode/V4/merfox/node_modules/react-dom/cjs/react-dom-server.browser.development.js:5946:7)
    at renderNodeDestructiveImpl (/Users/yuga/VSCode/V4/merfox/node_modules/react-dom/cjs/react-dom-server.browser.development.js:6104:11) {
  page: '/wizard/step1'
}
[0m [90m 64 |[39m     [36mconst[39m context [33m=[39m useContext([33mSettingsContext[39m)[33m;[39m[0m
[0m [90m 65 |[39m     [36mif[39m (context [33m===[39m undefined) {[0m
[0m[31m[1m>[22m[39m[90m 66 |[39m         [36mthrow[39m [36mnew[39m [33mError[39m([32m'useSettings must be used within a SettingsProvider'[39m)[33m;[39m[0m
[0m [90m    |[39m              [31m[1m^[22m[39m[0m
[0m [90m 67 |[39m     }[0m
[0m [90m 68 |[39m     [36mreturn[39m context[33m;[39m[0m
[0m [90m 69 |[39m }[33m;[39m[0m
Error: useSettings must be used within a SettingsProvider
    at useSettings (webpack-internal:///./src/hooks/useSettings.tsx:78:15)
    at Step1_Url (webpack-internal:///./src/pages/wizard/step1.tsx:29:105)
    at renderWithHooks (/Users/yuga/VSCode/V4/merfox/node_modules/react-dom/cjs/react-dom-server.browser.development.js:5658:16)
    at renderIndeterminateComponent (/Users/yuga/VSCode/V4/merfox/node_modules/react-dom/cjs/react-dom-server.browser.development.js:5731:15)
    at renderElement (/Users/yuga/VSCode/V4/merfox/node_modules/react-dom/cjs/react-dom-server.browser.development.js:5946:7)
    at renderNodeDestructiveImpl (/Users/yuga/VSCode/V4/merfox/node_modules/react-dom/cjs/react-dom-server.browser.development.js:6104:11)
    at renderNodeDestructive (/Users/yuga/VSCode/V4/merfox/node_modules/react-dom/cjs/react-dom-server.browser.development.js:6076:14)
    at finishClassComponent (/Users/yuga/VSCode/V4/merfox/node_modules/react-dom/cjs/react-dom-server.browser.development.js:5688:3)
    at renderClassComponent (/Users/yuga/VSCode/V4/merfox/node_modules/react-dom/cjs/react-dom-server.browser.development.js:5696:3)
    at renderElement (/Users/yuga/VSCode/V4/merfox/node_modules/react-dom/cjs/react-dom-server.browser.development.js:5943:7)
    at renderNodeDestructiveImpl (/Users/yuga/VSCode/V4/merfox/node_modules/react-dom/cjs/react-dom-server.browser.development.js:6104:11)
    at renderNodeDestructive (/Users/yuga/VSCode/V4/merfox/node_modules/react-dom/cjs/react-dom-server.browser.development.js:6076:14)
    at renderIndeterminateComponent (/Users/yuga/VSCode/V4/merfox/node_modules/react-dom/cjs/react-dom-server.browser.development.js:5785:7)
    at renderElement (/Users/yuga/VSCode/V4/merfox/node_modules/react-dom/cjs/react-dom-server.browser.development.js:5946:7)
    at renderNodeDestructiveImpl (/Users/yuga/VSCode/V4/merfox/node_modules/react-dom/cjs/react-dom-server.browser.development.js:6104:11)
 тип src/hooks/useSettings.tsx (66:14) @ useSettings
 тип Error: useSettings must be used within a SettingsProvider
    at useSettings (webpack-internal:///./src/hooks/useSettings.tsx:78:15)
    at Step1_Url (webpack-internal:///./src/pages/wizard/step1.tsx:29:105)
    at renderWithHooks (/Users/yuga/VSCode/V4/merfox/node_modules/react-dom/cjs/react-dom-server.browser.development.js:5658:16)
    at renderIndeterminateComponent (/Users/yuga/VSCode/V4/merfox/node_modules/react-dom/cjs/react-dom-server.browser.development.js:5731:15)
    at renderElement (/Users/yuga/VSCode/V4/merfox/node_modules/react-dom/cjs/react-dom-server.browser.development.js:5946:7)
    at renderNodeDestructiveImpl (/Users/yuga/VSCode/V4/merfox/node_modules/react-dom/cjs/react-dom-server.browser.development.js:6104:11)
    at renderNodeDestructive (/Users/yuga/VSCode/V4/merfox/node_modules/react-dom/cjs/react-dom-server.browser.development.js:6076:14)
    at finishClassComponent (/Users/yuga/VSCode/V4/merfox/node_modules/react-dom/cjs/react-dom-server.browser.development.js:5688:3)
    at renderClassComponent (/Users/yuga/VSCode/V4/merfox/node_modules/react-dom/cjs/react-dom-server.browser.development.js:5696:3)
    at renderElement (/Users/yuga/VSCode/V4/merfox/node_modules/react-dom/cjs/react-dom-server.browser.development.js:5943:7)
    at renderNodeDestructiveImpl (/Users/yuga/VSCode/V4/merfox/node_modules/react-dom/cjs/react-dom-server.browser.development.js:6104:11)
    at renderNodeDestructive (/Users/yuga/VSCode/V4/merfox/node_modules/react-dom/cjs/react-dom-server.browser.development.js:6076:14)
    at renderIndeterminateComponent (/Users/yuga/VSCode/V4/merfox/node_modules/react-dom/cjs/react-dom-server.browser.development.js:5785:7)
    at renderElement (/Users/yuga/VSCode/V4/merfox/node_modules/react-dom/cjs/react-dom-server.browser.development.js:5946:7)
    at renderNodeDestructiveImpl (/Users/yuga/VSCode/V4/merfox/node_modules/react-dom/cjs/react-dom-server.browser.development.js:6104:11) {
  page: '/wizard/step1'
}
[0m [90m 64 |[39m     [36mconst[39m context [33m=[39m useContext([33mSettingsContext[39m)[33m;[39m[0m
[0m [90m 65 |[39m     [36mif[39m (context [33m===[39m undefined) {[0m
[0m[31m[1m>[22m[39m[90m 66 |[39m         [36mthrow[39m [36mnew[39m [33mError[39m([32m'useSettings must be used within a SettingsProvider'[39m)[33m;[39m[0m
[0m [90m    |[39m              [31m[1m^[22m[39m[0m
[0m [90m 67 |[39m     }[0m
[0m [90m 68 |[39m     [36mreturn[39m context[33m;[39m[0m
[0m [90m 69 |[39m }[33m;[39m[0m
Error: useSettings must be used within a SettingsProvider
    at useSettings (webpack-internal:///./src/hooks/useSettings.tsx:78:15)
    at Step1_Url (webpack-internal:///./src/pages/wizard/step1.tsx:29:105)
    at renderWithHooks (/Users/yuga/VSCode/V4/merfox/node_modules/react-dom/cjs/react-dom-server.browser.development.js:5658:16)
    at renderIndeterminateComponent (/Users/yuga/VSCode/V4/merfox/node_modules/react-dom/cjs/react-dom-server.browser.development.js:5731:15)
    at renderElement (/Users/yuga/VSCode/V4/merfox/node_modules/react-dom/cjs/react-dom-server.browser.development.js:5946:7)
    at renderNodeDestructiveImpl (/Users/yuga/VSCode/V4/merfox/node_modules/react-dom/cjs/react-dom-server.browser.development.js:6104:11)
    at renderNodeDestructive (/Users/yuga/VSCode/V4/merfox/node_modules/react-dom/cjs/react-dom-server.browser.development.js:6076:14)
    at finishClassComponent (/Users/yuga/VSCode/V4/merfox/node_modules/react-dom/cjs/react-dom-server.browser.development.js:5688:3)
    at renderClassComponent (/Users/yuga/VSCode/V4/merfox/node_modules/react-dom/cjs/react-dom-server.browser.development.js:5696:3)
    at renderElement (/Users/yuga/VSCode/V4/merfox/node_modules/react-dom/cjs/react-dom-server.browser.development.js:5943:7)
    at renderNodeDestructiveImpl (/Users/yuga/VSCode/V4/merfox/node_modules/react-dom/cjs/react-dom-server.browser.development.js:6104:11)
    at renderNodeDestructive (/Users/yuga/VSCode/V4/merfox/node_modules/react-dom/cjs/react-dom-server.browser.development.js:6076:14)
    at renderIndeterminateComponent (/Users/yuga/VSCode/V4/merfox/node_modules/react-dom/cjs/react-dom-server.browser.development.js:5785:7)
    at renderElement (/Users/yuga/VSCode/V4/merfox/node_modules/react-dom/cjs/react-dom-server.browser.development.js:5946:7)
    at renderNodeDestructiveImpl (/Users/yuga/VSCode/V4/merfox/node_modules/react-dom/cjs/react-dom-server.browser.development.js:6104:11)
 тип src/hooks/useSettings.tsx (66:14) @ useSettings
 тип Error: useSettings must be used within a SettingsProvider
    at useSettings (webpack-internal:///./src/hooks/useSettings.tsx:78:15)
    at Step1_Url (webpack-internal:///./src/pages/wizard/step1.tsx:29:105)
    at renderWithHooks (/Users/yuga/VSCode/V4/merfox/node_modules/react-dom/cjs/react-dom-server.browser.development.js:5658:16)
    at renderIndeterminateComponent (/Users/yuga/VSCode/V4/merfox/node_modules/react-dom/cjs/react-dom-server.browser.development.js:5731:15)
    at renderElement (/Users/yuga/VSCode/V4/merfox/node_modules/react-dom/cjs/react-dom-server.browser.development.js:5946:7)
    at renderNodeDestructiveImpl (/Users/yuga/VSCode/V4/merfox/node_modules/react-dom/cjs/react-dom-server.browser.development.js:6104:11)
    at renderNodeDestructive (/Users/yuga/VSCode/V4/merfox/node_modules/react-dom/cjs/react-dom-server.browser.development.js:6076:14)
    at finishClassComponent (/Users/yuga/VSCode/V4/merfox/node_modules/react-dom/cjs/react-dom-server.browser.development.js:5688:3)
    at renderClassComponent (/Users/yuga/VSCode/V4/merfox/node_modules/react-dom/cjs/react-dom-server.browser.development.js:5696:3)
    at renderElement (/Users/yuga/VSCode/V4/merfox/node_modules/react-dom/cjs/react-dom-server.browser.development.js:5943:7)
    at renderNodeDestructiveImpl (/Users/yuga/VSCode/V4/merfox/node_modules/react-dom/cjs/react-dom-server.browser.development.js:6104:11)
    at renderNodeDestructive (/Users/yuga/VSCode/V4/merfox/node_modules/react-dom/cjs/react-dom-server.browser.development.js:6076:14)
    at renderIndeterminateComponent (/Users/yuga/VSCode/V4/merfox/node_modules/react-dom/cjs/react-dom-server.browser.development.js:5785:7)
    at renderElement (/Users/yuga/VSCode/V4/merfox/node_modules/react-dom/cjs/react-dom-server.browser.development.js:5946:7)
    at renderNodeDestructiveImpl (/Users/yuga/VSCode/V4/merfox/node_modules/react-dom/cjs/react-dom-server.browser.development.js:6104:11) {
  page: '/wizard/step1'
}
[0m [90m 64 |[39m     [36mconst[39m context [33m=[39m useContext([33mSettingsContext[39m)[33m;[39m[0m
[0m [90m 65 |[39m     [36mif[39m (context [33m===[39m undefined) {[0m
[0m[31m[1m>[22m[39m[90m 66 |[39m         [36mthrow[39m [36mnew[39m [33mError[39m([32m'useSettings must be used within a SettingsProvider'[39m)[33m;[39m[0m
[0m [90m    |[39m              [31m[1m^[22m[39m[0m
[0m [90m 67 |[39m     }[0m
[0m [90m 68 |[39m     [36mreturn[39m context[33m;[39m[0m
[0m [90m 69 |[39m }[33m;[39m[0m
Error: useSettings must be used within a SettingsProvider
    at useSettings (webpack-internal:///./src/hooks/useSettings.tsx:78:15)
    at Step1_Url (webpack-internal:///./src/pages/wizard/step1.tsx:29:105)
    at renderWithHooks (/Users/yuga/VSCode/V4/merfox/node_modules/react-dom/cjs/react-dom-server.browser.development.js:5658:16)
    at renderIndeterminateComponent (/Users/yuga/VSCode/V4/merfox/node_modules/react-dom/cjs/react-dom-server.browser.development.js:5731:15)
    at renderElement (/Users/yuga/VSCode/V4/merfox/node_modules/react-dom/cjs/react-dom-server.browser.development.js:5946:7)
    at renderNodeDestructiveImpl (/Users/yuga/VSCode/V4/merfox/node_modules/react-dom/cjs/react-dom-server.browser.development.js:6104:11)
    at renderNodeDestructive (/Users/yuga/VSCode/V4/merfox/node_modules/react-dom/cjs/react-dom-server.browser.development.js:6076:14)
    at finishClassComponent (/Users/yuga/VSCode/V4/merfox/node_modules/react-dom/cjs/react-dom-server.browser.development.js:5688:3)
    at renderClassComponent (/Users/yuga/VSCode/V4/merfox/node_modules/react-dom/cjs/react-dom-server.browser.development.js:5696:3)
    at renderElement (/Users/yuga/VSCode/V4/merfox/node_modules/react-dom/cjs/react-dom-server.browser.development.js:5943:7)
    at renderNodeDestructiveImpl (/Users/yuga/VSCode/V4/merfox/node_modules/react-dom/cjs/react-dom-server.browser.development.js:6104:11)
    at renderNodeDestructive (/Users/yuga/VSCode/V4/merfox/node_modules/react-dom/cjs/react-dom-server.browser.development.js:6076:14)
    at renderIndeterminateComponent (/Users/yuga/VSCode/V4/merfox/node_modules/react-dom/cjs/react-dom-server.browser.development.js:5785:7)
    at renderElement (/Users/yuga/VSCode/V4/merfox/node_modules/react-dom/cjs/react-dom-server.browser.development.js:5946:7)
    at renderNodeDestructiveImpl (/Users/yuga/VSCode/V4/merfox/node_modules/react-dom/cjs/react-dom-server.browser.development.js:6104:11)
 тип src/hooks/useSettings.tsx (66:14) @ useSettings
 тип Error: useSettings must be used within a SettingsProvider
    at useSettings (webpack-internal:///./src/hooks/useSettings.tsx:78:15)
    at Step1_Url (webpack-internal:///./src/pages/wizard/step1.tsx:29:105)
    at renderWithHooks (/Users/yuga/VSCode/V4/merfox/node_modules/react-dom/cjs/react-dom-server.browser.development.js:5658:16)
    at renderIndeterminateComponent (/Users/yuga/VSCode/V4/merfox/node_modules/react-dom/cjs/react-dom-server.browser.development.js:5731:15)
    at renderElement (/Users/yuga/VSCode/V4/merfox/node_modules/react-dom/cjs/react-dom-server.browser.development.js:5946:7)
    at renderNodeDestructiveImpl (/Users/yuga/VSCode/V4/merfox/node_modules/react-dom/cjs/react-dom-server.browser.development.js:6104:11)
    at renderNodeDestructive (/Users/yuga/VSCode/V4/merfox/node_modules/react-dom/cjs/react-dom-server.browser.development.js:6076:14)
    at finishClassComponent (/Users/yuga/VSCode/V4/merfox/node_modules/react-dom/cjs/react-dom-server.browser.development.js:5688:3)
    at renderClassComponent (/Users/yuga/VSCode/V4/merfox/node_modules/react-dom/cjs/react-dom-server.browser.development.js:5696:3)
    at renderElement (/Users/yuga/VSCode/V4/merfox/node_modules/react-dom/cjs/react-dom-server.browser.development.js:5943:7)
    at renderNodeDestructiveImpl (/Users/yuga/VSCode/V4/merfox/node_modules/react-dom/cjs/react-dom-server.browser.development.js:6104:11)
    at renderNodeDestructive (/Users/yuga/VSCode/V4/merfox/node_modules/react-dom/cjs/react-dom-server.browser.development.js:6076:14)
    at renderIndeterminateComponent (/Users/yuga/VSCode/V4/merfox/node_modules/react-dom/cjs/react-dom-server.browser.development.js:5785:7)
    at renderElement (/Users/yuga/VSCode/V4/merfox/node_modules/react-dom/cjs/react-dom-server.browser.development.js:5946:7)
    at renderNodeDestructiveImpl (/Users/yuga/VSCode/V4/merfox/node_modules/react-dom/cjs/react-dom-server.browser.development.js:6104:11) {
  page: '/wizard/step1'
}
[0m [90m 64 |[39m     [36mconst[39m context [33m=[39m useContext([33mSettingsContext[39m)[33m;[39m[0m
[0m [90m 65 |[39m     [36mif[39m (context [33m===[39m undefined) {[0m
[0m[31m[1m>[22m[39m[90m 66 |[39m         [36mthrow[39m [36mnew[39m [33mError[39m([32m'useSettings must be used within a SettingsProvider'[39m)[33m;[39m[0m
[0m [90m    |[39m              [31m[1m^[22m[39m[0m
[0m [90m 67 |[39m     }[0m
[0m [90m 68 |[39m     [36mreturn[39m context[33m;[39m[0m
[0m [90m 69 |[39m }[33m;[39m[0m
 тЧЛ Compiling /wizard/step2 ...
 тЪа Fast Refresh had to perform a full reload due to a runtime error.
 тЪа Fast Refresh had to perform a full reload due to a runtime error.
 тЬУ Compiled /wizard/step2 in 763ms (308 modules)
Error: useSettings must be used within a SettingsProvider
    at useSettings (webpack-internal:///./src/hooks/useSettings.tsx:78:15)
    at Step1_Url (webpack-internal:///./src/pages/wizard/step1.tsx:29:105)
    at renderWithHooks (/Users/yuga/VSCode/V4/merfox/node_modules/react-dom/cjs/react-dom-server.browser.development.js:5658:16)
    at renderIndeterminateComponent (/Users/yuga/VSCode/V4/merfox/node_modules/react-dom/cjs/react-dom-server.browser.development.js:5731:15)
    at renderElement (/Users/yuga/VSCode/V4/merfox/node_modules/react-dom/cjs/react-dom-server.browser.development.js:5946:7)
    at renderNodeDestructiveImpl (/Users/yuga/VSCode/V4/merfox/node_modules/react-dom/cjs/react-dom-server.browser.development.js:6104:11)
    at renderNodeDestructive (/Users/yuga/VSCode/V4/merfox/node_modules/react-dom/cjs/react-dom-server.browser.development.js:6076:14)
    at finishClassComponent (/Users/yuga/VSCode/V4/merfox/node_modules/react-dom/cjs/react-dom-server.browser.development.js:5688:3)
    at renderClassComponent (/Users/yuga/VSCode/V4/merfox/node_modules/react-dom/cjs/react-dom-server.browser.development.js:5696:3)
    at renderElement (/Users/yuga/VSCode/V4/merfox/node_modules/react-dom/cjs/react-dom-server.browser.development.js:5943:7)
    at renderNodeDestructiveImpl (/Users/yuga/VSCode/V4/merfox/node_modules/react-dom/cjs/react-dom-server.browser.development.js:6104:11)
    at renderNodeDestructive (/Users/yuga/VSCode/V4/merfox/node_modules/react-dom/cjs/react-dom-server.browser.development.js:6076:14)
    at renderIndeterminateComponent (/Users/yuga/VSCode/V4/merfox/node_modules/react-dom/cjs/react-dom-server.browser.development.js:5785:7)
    at renderElement (/Users/yuga/VSCode/V4/merfox/node_modules/react-dom/cjs/react-dom-server.browser.development.js:5946:7)
    at renderNodeDestructiveImpl (/Users/yuga/VSCode/V4/merfox/node_modules/react-dom/cjs/react-dom-server.browser.development.js:6104:11)
Error: useSettings must be used within a SettingsProvider
    at useSettings (webpack-internal:///./src/hooks/useSettings.tsx:78:15)
    at Step1_Url (webpack-internal:///./src/pages/wizard/step1.tsx:29:105)
    at renderWithHooks (/Users/yuga/VSCode/V4/merfox/node_modules/react-dom/cjs/react-dom-server.browser.development.js:5658:16)
    at renderIndeterminateComponent (/Users/yuga/VSCode/V4/merfox/node_modules/react-dom/cjs/react-dom-server.browser.development.js:5731:15)
    at renderElement (/Users/yuga/VSCode/V4/merfox/node_modules/react-dom/cjs/react-dom-server.browser.development.js:5946:7)
    at renderNodeDestructiveImpl (/Users/yuga/VSCode/V4/merfox/node_modules/react-dom/cjs/react-dom-server.browser.development.js:6104:11)
    at renderNodeDestructive (/Users/yuga/VSCode/V4/merfox/node_modules/react-dom/cjs/react-dom-server.browser.development.js:6076:14)
    at finishClassComponent (/Users/yuga/VSCode/V4/merfox/node_modules/react-dom/cjs/react-dom-server.browser.development.js:5688:3)
    at renderClassComponent (/Users/yuga/VSCode/V4/merfox/node_modules/react-dom/cjs/react-dom-server.browser.development.js:5696:3)
    at renderElement (/Users/yuga/VSCode/V4/merfox/node_modules/react-dom/cjs/react-dom-server.browser.development.js:5943:7)
    at renderNodeDestructiveImpl (/Users/yuga/VSCode/V4/merfox/node_modules/react-dom/cjs/react-dom-server.browser.development.js:6104:11)
    at renderNodeDestructive (/Users/yuga/VSCode/V4/merfox/node_modules/react-dom/cjs/react-dom-server.browser.development.js:6076:14)
    at renderIndeterminateComponent (/Users/yuga/VSCode/V4/merfox/node_modules/react-dom/cjs/react-dom-server.browser.development.js:5785:7)
    at renderElement (/Users/yuga/VSCode/V4/merfox/node_modules/react-dom/cjs/react-dom-server.browser.development.js:5946:7)
    at renderNodeDestructiveImpl (/Users/yuga/VSCode/V4/merfox/node_modules/react-dom/cjs/react-dom-server.browser.development.js:6104:11)
Error: useSettings must be used within a SettingsProvider
    at useSettings (webpack-internal:///./src/hooks/useSettings.tsx:78:15)
    at Step1_Url (webpack-internal:///./src/pages/wizard/step1.tsx:29:105)
    at renderWithHooks (/Users/yuga/VSCode/V4/merfox/node_modules/react-dom/cjs/react-dom-server.browser.development.js:5658:16)
    at renderIndeterminateComponent (/Users/yuga/VSCode/V4/merfox/node_modules/react-dom/cjs/react-dom-server.browser.development.js:5731:15)
    at renderElement (/Users/yuga/VSCode/V4/merfox/node_modules/react-dom/cjs/react-dom-server.browser.development.js:5946:7)
    at renderNodeDestructiveImpl (/Users/yuga/VSCode/V4/merfox/node_modules/react-dom/cjs/react-dom-server.browser.development.js:6104:11)
    at renderNodeDestructive (/Users/yuga/VSCode/V4/merfox/node_modules/react-dom/cjs/react-dom-server.browser.development.js:6076:14)
    at finishClassComponent (/Users/yuga/VSCode/V4/merfox/node_modules/react-dom/cjs/react-dom-server.browser.development.js:5688:3)
    at renderClassComponent (/Users/yuga/VSCode/V4/merfox/node_modules/react-dom/cjs/react-dom-server.browser.development.js:5696:3)
    at renderElement (/Users/yuga/VSCode/V4/merfox/node_modules/react-dom/cjs/react-dom-server.browser.development.js:5943:7)
    at renderNodeDestructiveImpl (/Users/yuga/VSCode/V4/merfox/node_modules/react-dom/cjs/react-dom-server.browser.development.js:6104:11)
    at renderNodeDestructive (/Users/yuga/VSCode/V4/merfox/node_modules/react-dom/cjs/react-dom-server.browser.development.js:6076:14)
    at renderIndeterminateComponent (/Users/yuga/VSCode/V4/merfox/node_modules/react-dom/cjs/react-dom-server.browser.development.js:5785:7)
    at renderElement (/Users/yuga/VSCode/V4/merfox/node_modules/react-dom/cjs/react-dom-server.browser.development.js:5946:7)
    at renderNodeDestructiveImpl (/Users/yuga/VSCode/V4/merfox/node_modules/react-dom/cjs/react-dom-server.browser.development.js:6104:11)
 тип src/hooks/useSettings.tsx (66:14) @ useSettings
 тип Error: useSettings must be used within a SettingsProvider
    at useSettings (webpack-internal:///./src/hooks/useSettings.tsx:78:15)
    at Step1_Url (webpack-internal:///./src/pages/wizard/step1.tsx:29:105)
    at renderWithHooks (/Users/yuga/VSCode/V4/merfox/node_modules/react-dom/cjs/react-dom-server.browser.development.js:5658:16)
    at renderIndeterminateComponent (/Users/yuga/VSCode/V4/merfox/node_modules/react-dom/cjs/react-dom-server.browser.development.js:5731:15)
    at renderElement (/Users/yuga/VSCode/V4/merfox/node_modules/react-dom/cjs/react-dom-server.browser.development.js:5946:7)
    at renderNodeDestructiveImpl (/Users/yuga/VSCode/V4/merfox/node_modules/react-dom/cjs/react-dom-server.browser.development.js:6104:11)
    at renderNodeDestructive (/Users/yuga/VSCode/V4/merfox/node_modules/react-dom/cjs/react-dom-server.browser.development.js:6076:14)
    at finishClassComponent (/Users/yuga/VSCode/V4/merfox/node_modules/react-dom/cjs/react-dom-server.browser.development.js:5688:3)
    at renderClassComponent (/Users/yuga/VSCode/V4/merfox/node_modules/react-dom/cjs/react-dom-server.browser.development.js:5696:3)
    at renderElement (/Users/yuga/VSCode/V4/merfox/node_modules/react-dom/cjs/react-dom-server.browser.development.js:5943:7)
    at renderNodeDestructiveImpl (/Users/yuga/VSCode/V4/merfox/node_modules/react-dom/cjs/react-dom-server.browser.development.js:6104:11)
    at renderNodeDestructive (/Users/yuga/VSCode/V4/merfox/node_modules/react-dom/cjs/react-dom-server.browser.development.js:6076:14)
    at renderIndeterminateComponent (/Users/yuga/VSCode/V4/merfox/node_modules/react-dom/cjs/react-dom-server.browser.development.js:5785:7)
    at renderElement (/Users/yuga/VSCode/V4/merfox/node_modules/react-dom/cjs/react-dom-server.browser.development.js:5946:7)
    at renderNodeDestructiveImpl (/Users/yuga/VSCode/V4/merfox/node_modules/react-dom/cjs/react-dom-server.browser.development.js:6104:11) {
  page: '/wizard/step1'
}
[0m [90m 64 |[39m     [36mconst[39m context [33m=[39m useContext([33mSettingsContext[39m)[33m;[39m[0m
[0m [90m 65 |[39m     [36mif[39m (context [33m===[39m undefined) {[0m
[0m[31m[1m>[22m[39m[90m 66 |[39m         [36mthrow[39m [36mnew[39m [33mError[39m([32m'useSettings must be used within a SettingsProvider'[39m)[33m;[39m[0m
[0m [90m    |[39m              [31m[1m^[22m[39m[0m
[0m [90m 67 |[39m     }[0m
[0m [90m 68 |[39m     [36mreturn[39m context[33m;[39m[0m
[0m [90m 69 |[39m }[33m;[39m[0m
 тип src/hooks/useSettings.tsx (66:14) @ useSettings
 тип Error: useSettings must be used within a SettingsProvider
    at useSettings (webpack-internal:///./src/hooks/useSettings.tsx:78:15)
    at Step1_Url (webpack-internal:///./src/pages/wizard/step1.tsx:29:105)
    at renderWithHooks (/Users/yuga/VSCode/V4/merfox/node_modules/react-dom/cjs/react-dom-server.browser.development.js:5658:16)
    at renderIndeterminateComponent (/Users/yuga/VSCode/V4/merfox/node_modules/react-dom/cjs/react-dom-server.browser.development.js:5731:15)
    at renderElement (/Users/yuga/VSCode/V4/merfox/node_modules/react-dom/cjs/react-dom-server.browser.development.js:5946:7)
    at renderNodeDestructiveImpl (/Users/yuga/VSCode/V4/merfox/node_modules/react-dom/cjs/react-dom-server.browser.development.js:6104:11)
    at renderNodeDestructive (/Users/yuga/VSCode/V4/merfox/node_modules/react-dom/cjs/react-dom-server.browser.development.js:6076:14)
    at finishClassComponent (/Users/yuga/VSCode/V4/merfox/node_modules/react-dom/cjs/react-dom-server.browser.development.js:5688:3)
    at renderClassComponent (/Users/yuga/VSCode/V4/merfox/node_modules/react-dom/cjs/react-dom-server.browser.development.js:5696:3)
    at renderElement (/Users/yuga/VSCode/V4/merfox/node_modules/react-dom/cjs/react-dom-server.browser.development.js:5943:7)
    at renderNodeDestructiveImpl (/Users/yuga/VSCode/V4/merfox/node_modules/react-dom/cjs/react-dom-server.browser.development.js:6104:11)
    at renderNodeDestructive (/Users/yuga/VSCode/V4/merfox/node_modules/react-dom/cjs/react-dom-server.browser.development.js:6076:14)
    at renderIndeterminateComponent (/Users/yuga/VSCode/V4/merfox/node_modules/react-dom/cjs/react-dom-server.browser.development.js:5785:7)
    at renderElement (/Users/yuga/VSCode/V4/merfox/node_modules/react-dom/cjs/react-dom-server.browser.development.js:5946:7)
    at renderNodeDestructiveImpl (/Users/yuga/VSCode/V4/merfox/node_modules/react-dom/cjs/react-dom-server.browser.development.js:6104:11) {
  page: '/wizard/step1'
}
[0m [90m 64 |[39m     [36mconst[39m context [33m=[39m useContext([33mSettingsContext[39m)[33m;[39m[0m
[0m [90m 65 |[39m     [36mif[39m (context [33m===[39m undefined) {[0m
[0m[31m[1m>[22m[39m[90m 66 |[39m         [36mthrow[39m [36mnew[39m [33mError[39m([32m'useSettings must be used within a SettingsProvider'[39m)[33m;[39m[0m
[0m [90m    |[39m              [31m[1m^[22m[39m[0m
[0m [90m 67 |[39m     }[0m
[0m [90m 68 |[39m     [36mreturn[39m context[33m;[39m[0m
[0m [90m 69 |[39m }[33m;[39m[0m
 тип src/hooks/useSettings.tsx (66:14) @ useSettings
 тип Error: useSettings must be used within a SettingsProvider
    at useSettings (webpack-internal:///./src/hooks/useSettings.tsx:78:15)
    at Step1_Url (webpack-internal:///./src/pages/wizard/step1.tsx:29:105)
    at renderWithHooks (/Users/yuga/VSCode/V4/merfox/node_modules/react-dom/cjs/react-dom-server.browser.development.js:5658:16)
    at renderIndeterminateComponent (/Users/yuga/VSCode/V4/merfox/node_modules/react-dom/cjs/react-dom-server.browser.development.js:5731:15)
    at renderElement (/Users/yuga/VSCode/V4/merfox/node_modules/react-dom/cjs/react-dom-server.browser.development.js:5946:7)
    at renderNodeDestructiveImpl (/Users/yuga/VSCode/V4/merfox/node_modules/react-dom/cjs/react-dom-server.browser.development.js:6104:11)
    at renderNodeDestructive (/Users/yuga/VSCode/V4/merfox/node_modules/react-dom/cjs/react-dom-server.browser.development.js:6076:14)
    at finishClassComponent (/Users/yuga/VSCode/V4/merfox/node_modules/react-dom/cjs/react-dom-server.browser.development.js:5688:3)
    at renderClassComponent (/Users/yuga/VSCode/V4/merfox/node_modules/react-dom/cjs/react-dom-server.browser.development.js:5696:3)
    at renderElement (/Users/yuga/VSCode/V4/merfox/node_modules/react-dom/cjs/react-dom-server.browser.development.js:5943:7)
    at renderNodeDestructiveImpl (/Users/yuga/VSCode/V4/merfox/node_modules/react-dom/cjs/react-dom-server.browser.development.js:6104:11)
    at renderNodeDestructive (/Users/yuga/VSCode/V4/merfox/node_modules/react-dom/cjs/react-dom-server.browser.development.js:6076:14)
    at renderIndeterminateComponent (/Users/yuga/VSCode/V4/merfox/node_modules/react-dom/cjs/react-dom-server.browser.development.js:5785:7)
    at renderElement (/Users/yuga/VSCode/V4/merfox/node_modules/react-dom/cjs/react-dom-server.browser.development.js:5946:7)
    at renderNodeDestructiveImpl (/Users/yuga/VSCode/V4/merfox/node_modules/react-dom/cjs/react-dom-server.browser.development.js:6104:11) {
  page: '/wizard/step1'
}
[0m [90m 64 |[39m     [36mconst[39m context [33m=[39m useContext([33mSettingsContext[39m)[33m;[39m[0m
[0m [90m 65 |[39m     [36mif[39m (context [33m===[39m undefined) {[0m
[0m[31m[1m>[22m[39m[90m 66 |[39m         [36mthrow[39m [36mnew[39m [33mError[39m([32m'useSettings must be used within a SettingsProvider'[39m)[33m;[39m[0m
[0m [90m    |[39m              [31m[1m^[22m[39m[0m
[0m [90m 67 |[39m     }[0m
[0m [90m 68 |[39m     [36mreturn[39m context[33m;[39m[0m
[0m [90m 69 |[39m }[33m;[39m[0m
Error: useScraper must be used within ScraperProvider
    at useScraper (webpack-internal:///./src/hooks/useScraper.tsx:196:25)
    at Step2_Extract (webpack-internal:///./src/pages/wizard/step2.tsx:31:143)
    at renderWithHooks (/Users/yuga/VSCode/V4/merfox/node_modules/react-dom/cjs/react-dom-server.browser.development.js:5658:16)
    at renderIndeterminateComponent (/Users/yuga/VSCode/V4/merfox/node_modules/react-dom/cjs/react-dom-server.browser.development.js:5731:15)
    at renderElement (/Users/yuga/VSCode/V4/merfox/node_modules/react-dom/cjs/react-dom-server.browser.development.js:5946:7)
    at renderNodeDestructiveImpl (/Users/yuga/VSCode/V4/merfox/node_modules/react-dom/cjs/react-dom-server.browser.development.js:6104:11)
    at renderNodeDestructive (/Users/yuga/VSCode/V4/merfox/node_modules/react-dom/cjs/react-dom-server.browser.development.js:6076:14)
    at finishClassComponent (/Users/yuga/VSCode/V4/merfox/node_modules/react-dom/cjs/react-dom-server.browser.development.js:5688:3)
    at renderClassComponent (/Users/yuga/VSCode/V4/merfox/node_modules/react-dom/cjs/react-dom-server.browser.development.js:5696:3)
    at renderElement (/Users/yuga/VSCode/V4/merfox/node_modules/react-dom/cjs/react-dom-server.browser.development.js:5943:7)
    at renderNodeDestructiveImpl (/Users/yuga/VSCode/V4/merfox/node_modules/react-dom/cjs/react-dom-server.browser.development.js:6104:11)
    at renderNodeDestructive (/Users/yuga/VSCode/V4/merfox/node_modules/react-dom/cjs/react-dom-server.browser.development.js:6076:14)
    at renderIndeterminateComponent (/Users/yuga/VSCode/V4/merfox/node_modules/react-dom/cjs/react-dom-server.browser.development.js:5785:7)
    at renderElement (/Users/yuga/VSCode/V4/merfox/node_modules/react-dom/cjs/react-dom-server.browser.development.js:5946:7)
    at renderNodeDestructiveImpl (/Users/yuga/VSCode/V4/merfox/node_modules/react-dom/cjs/react-dom-server.browser.development.js:6104:11)
 тип src/hooks/useScraper.tsx (174:24) @ useScraper
 тип Error: useScraper must be used within ScraperProvider
    at useScraper (webpack-internal:///./src/hooks/useScraper.tsx:196:25)
    at Step2_Extract (webpack-internal:///./src/pages/wizard/step2.tsx:31:143)
    at renderWithHooks (/Users/yuga/VSCode/V4/merfox/node_modules/react-dom/cjs/react-dom-server.browser.development.js:5658:16)
    at renderIndeterminateComponent (/Users/yuga/VSCode/V4/merfox/node_modules/react-dom/cjs/react-dom-server.browser.development.js:5731:15)
    at renderElement (/Users/yuga/VSCode/V4/merfox/node_modules/react-dom/cjs/react-dom-server.browser.development.js:5946:7)
    at renderNodeDestructiveImpl (/Users/yuga/VSCode/V4/merfox/node_modules/react-dom/cjs/react-dom-server.browser.development.js:6104:11)
    at renderNodeDestructive (/Users/yuga/VSCode/V4/merfox/node_modules/react-dom/cjs/react-dom-server.browser.development.js:6076:14)
    at finishClassComponent (/Users/yuga/VSCode/V4/merfox/node_modules/react-dom/cjs/react-dom-server.browser.development.js:5688:3)
    at renderClassComponent (/Users/yuga/VSCode/V4/merfox/node_modules/react-dom/cjs/react-dom-server.browser.development.js:5696:3)
    at renderElement (/Users/yuga/VSCode/V4/merfox/node_modules/react-dom/cjs/react-dom-server.browser.development.js:5943:7)
    at renderNodeDestructiveImpl (/Users/yuga/VSCode/V4/merfox/node_modules/react-dom/cjs/react-dom-server.browser.development.js:6104:11)
    at renderNodeDestructive (/Users/yuga/VSCode/V4/merfox/node_modules/react-dom/cjs/react-dom-server.browser.development.js:6076:14)
    at renderIndeterminateComponent (/Users/yuga/VSCode/V4/merfox/node_modules/react-dom/cjs/react-dom-server.browser.development.js:5785:7)
    at renderElement (/Users/yuga/VSCode/V4/merfox/node_modules/react-dom/cjs/react-dom-server.browser.development.js:5946:7)
    at renderNodeDestructiveImpl (/Users/yuga/VSCode/V4/merfox/node_modules/react-dom/cjs/react-dom-server.browser.development.js:6104:11) {
  page: '/wizard/step2'
}
[0m [90m 172 |[39m [36mexport[39m [36mconst[39m useScraper [33m=[39m () [33m=>[39m {[0m
[0m [90m 173 |[39m     [36mconst[39m context [33m=[39m useContext([33mScraperContext[39m)[33m;[39m[0m
[0m[31m[1m>[22m[39m[90m 174 |[39m     [36mif[39m ([33m![39mcontext) [36mthrow[39m [36mnew[39m [33mError[39m([32m'useScraper must be used within ScraperProvider'[39m)[33m;[39m[0m
[0m [90m     |[39m                        [31m[1m^[22m[39m[0m
[0m [90m 175 |[39m     [36mreturn[39m context[33m;[39m[0m
[0m [90m 176 |[39m }[33m;[39m[0m
[0m [90m 177 |[39m[0m
Error: useSettings must be used within a SettingsProvider
    at useSettings (webpack-internal:///./src/hooks/useSettings.tsx:78:15)
    at Step1_Url (webpack-internal:///./src/pages/wizard/step1.tsx:29:105)
    at renderWithHooks (/Users/yuga/VSCode/V4/merfox/node_modules/react-dom/cjs/react-dom-server.browser.development.js:5658:16)
    at renderIndeterminateComponent (/Users/yuga/VSCode/V4/merfox/node_modules/react-dom/cjs/react-dom-server.browser.development.js:5731:15)
    at renderElement (/Users/yuga/VSCode/V4/merfox/node_modules/react-dom/cjs/react-dom-server.browser.development.js:5946:7)
    at renderNodeDestructiveImpl (/Users/yuga/VSCode/V4/merfox/node_modules/react-dom/cjs/react-dom-server.browser.development.js:6104:11)
    at renderNodeDestructive (/Users/yuga/VSCode/V4/merfox/node_modules/react-dom/cjs/react-dom-server.browser.development.js:6076:14)
    at finishClassComponent (/Users/yuga/VSCode/V4/merfox/node_modules/react-dom/cjs/react-dom-server.browser.development.js:5688:3)
    at renderClassComponent (/Users/yuga/VSCode/V4/merfox/node_modules/react-dom/cjs/react-dom-server.browser.development.js:5696:3)
    at renderElement (/Users/yuga/VSCode/V4/merfox/node_modules/react-dom/cjs/react-dom-server.browser.development.js:5943:7)
    at renderNodeDestructiveImpl (/Users/yuga/VSCode/V4/merfox/node_modules/react-dom/cjs/react-dom-server.browser.development.js:6104:11)
    at renderNodeDestructive (/Users/yuga/VSCode/V4/merfox/node_modules/react-dom/cjs/react-dom-server.browser.development.js:6076:14)
    at renderIndeterminateComponent (/Users/yuga/VSCode/V4/merfox/node_modules/react-dom/cjs/react-dom-server.browser.development.js:5785:7)
    at renderElement (/Users/yuga/VSCode/V4/merfox/node_modules/react-dom/cjs/react-dom-server.browser.development.js:5946:7)
    at renderNodeDestructiveImpl (/Users/yuga/VSCode/V4/merfox/node_modules/react-dom/cjs/react-dom-server.browser.development.js:6104:11)
 тип src/hooks/useSettings.tsx (66:14) @ useSettings
 тип Error: useSettings must be used within a SettingsProvider
    at useSettings (webpack-internal:///./src/hooks/useSettings.tsx:78:15)
    at Step1_Url (webpack-internal:///./src/pages/wizard/step1.tsx:29:105)
    at renderWithHooks (/Users/yuga/VSCode/V4/merfox/node_modules/react-dom/cjs/react-dom-server.browser.development.js:5658:16)
    at renderIndeterminateComponent (/Users/yuga/VSCode/V4/merfox/node_modules/react-dom/cjs/react-dom-server.browser.development.js:5731:15)
    at renderElement (/Users/yuga/VSCode/V4/merfox/node_modules/react-dom/cjs/react-dom-server.browser.development.js:5946:7)
    at renderNodeDestructiveImpl (/Users/yuga/VSCode/V4/merfox/node_modules/react-dom/cjs/react-dom-server.browser.development.js:6104:11)
    at renderNodeDestructive (/Users/yuga/VSCode/V4/merfox/node_modules/react-dom/cjs/react-dom-server.browser.development.js:6076:14)
    at finishClassComponent (/Users/yuga/VSCode/V4/merfox/node_modules/react-dom/cjs/react-dom-server.browser.development.js:5688:3)
    at renderClassComponent (/Users/yuga/VSCode/V4/merfox/node_modules/react-dom/cjs/react-dom-server.browser.development.js:5696:3)
    at renderElement (/Users/yuga/VSCode/V4/merfox/node_modules/react-dom/cjs/react-dom-server.browser.development.js:5943:7)
    at renderNodeDestructiveImpl (/Users/yuga/VSCode/V4/merfox/node_modules/react-dom/cjs/react-dom-server.browser.development.js:6104:11)
    at renderNodeDestructive (/Users/yuga/VSCode/V4/merfox/node_modules/react-dom/cjs/react-dom-server.browser.development.js:6076:14)
    at renderIndeterminateComponent (/Users/yuga/VSCode/V4/merfox/node_modules/react-dom/cjs/react-dom-server.browser.development.js:5785:7)
    at renderElement (/Users/yuga/VSCode/V4/merfox/node_modules/react-dom/cjs/react-dom-server.browser.development.js:5946:7)
    at renderNodeDestructiveImpl (/Users/yuga/VSCode/V4/merfox/node_modules/react-dom/cjs/react-dom-server.browser.development.js:6104:11) {
  page: '/wizard/step1'
}
[0m [90m 64 |[39m     [36mconst[39m context [33m=[39m useContext([33mSettingsContext[39m)[33m;[39m[0m
[0m [90m 65 |[39m     [36mif[39m (context [33m===[39m undefined) {[0m
[0m[31m[1m>[22m[39m[90m 66 |[39m         [36mthrow[39m [36mnew[39m [33mError[39m([32m'useSettings must be used within a SettingsProvider'[39m)[33m;[39m[0m
[0m [90m    |[39m              [31m[1m^[22m[39m[0m
[0m [90m 67 |[39m     }[0m
[0m [90m 68 |[39m     [36mreturn[39m context[33m;[39m[0m
[0m [90m 69 |[39m }[33m;[39m[0m
Warning: Your PostCSS configuration defines a field which is not supported (`__esModule`). Please remove this configuration value.
 тип ./node_modules/next/dist/build/webpack/loaders/css-loader/src/index.js??ruleSet[1].rules[6].oneOf[13].use[1]!./node_modules/next/dist/build/webpack/loaders/postcss-loader/src/index.js??ruleSet[1].rules[6].oneOf[13].use[2]!./src/index.css
Error: Your custom PostCSS configuration must export a `plugins` key.
Import trace for requested module:
./node_modules/next/dist/build/webpack/loaders/css-loader/src/index.js??ruleSet[1].rules[6].oneOf[13].use[1]!./node_modules/next/dist/build/webpack/loaders/postcss-loader/src/index.js??ruleSet[1].rules[6].oneOf[13].use[2]!./src/index.css
./src/index.css
[?25h
